<?xml version="1.0" encoding="UTF-8"?>
<!-- Generated by org.testng.reporters.JUnitReportReporter -->
<testsuite hostname="DESKTOP-PJTEI91" name="com.qa.testcases.Assignment2Login" tests="1" failures="0" timestamp="19 May 2020 18:49:14 GMT" time="0.000" errors="1">
  <testcase name="ValidateLoginTestdata" time="0.000" classname="com.qa.testcases.Assignment2Login">
    <error type="java.lang.RuntimeException" message="java.lang.NoClassDefFoundError: org/openxmlformats/schemas/spreadsheetml/x2006/main/CTSheet">
      <![CDATA[java.lang.RuntimeException: java.lang.NoClassDefFoundError: org/openxmlformats/schemas/spreadsheetml/x2006/main/CTSheet
	at org.testng.internal.MethodInvocationHelper.invokeDataProvider(MethodInvocationHelper.java:163)
	at org.testng.internal.Parameters.handleParameters(Parameters.java:430)
	at org.testng.internal.Invoker.handleParameters(Invoker.java:1276)
	at org.testng.internal.Invoker.createParameters(Invoker.java:991)
	at org.testng.internal.Invoker.invokeTestMethods(Invoker.java:1081)
	at org.testng.internal.TestMethodWorker.invokeTestMethods(TestMethodWorker.java:129)
	at org.testng.internal.TestMethodWorker.run(TestMethodWorker.java:112)
	at org.testng.TestRunner.privateRun(TestRunner.java:782)
	at org.testng.TestRunner.run(TestRunner.java:632)
	at org.testng.SuiteRunner.runTest(SuiteRunner.java:366)
	at org.testng.SuiteRunner.runSequentially(SuiteRunner.java:361)
	at org.testng.SuiteRunner.privateRun(SuiteRunner.java:319)
	at org.testng.SuiteRunner.run(SuiteRunner.java:268)
	at org.testng.SuiteRunnerWorker.runSuite(SuiteRunnerWorker.java:52)
	at org.testng.SuiteRunnerWorker.run(SuiteRunnerWorker.java:86)
	at org.testng.TestNG.runSuitesSequentially(TestNG.java:1244)
	at org.testng.TestNG.runSuitesLocally(TestNG.java:1169)
	at org.testng.TestNG.run(TestNG.java:1064)
	at org.testng.remote.RemoteTestNG.run(RemoteTestNG.java:113)
	at org.testng.remote.RemoteTestNG.initAndRun(RemoteTestNG.java:206)
	at org.testng.remote.RemoteTestNG.main(RemoteTestNG.java:177)
Caused by: java.lang.NoClassDefFoundError: org/openxmlformats/schemas/spreadsheetml/x2006/main/CTSheet
	at org.apache.poi.ss.usermodel.WorkbookFactory.create(WorkbookFactory.java:73)
	at com.qa.util.TestUtil.getTestData(TestUtil.java:29)
	at com.qa.testcases.Assignment2Login.getLoginTestData(Assignment2Login.java:31)
	at sun.reflect.NativeMethodAccessorImpl.invoke0(Native Method)
	at sun.reflect.NativeMethodAccessorImpl.invoke(Unknown Source)
	at sun.reflect.DelegatingMethodAccessorImpl.invoke(Unknown Source)
	at java.lang.reflect.Method.invoke(Unknown Source)
	at org.testng.internal.MethodInvocationHelper.invokeMethod(MethodInvocationHelper.java:86)
	at org.testng.internal.MethodInvocationHelper.invokeDataProvider(MethodInvocationHelper.java:137)
	... 20 more
Caused by: java.lang.ClassNotFoundException: org.openxmlformats.schemas.spreadsheetml.x2006.main.CTSheet
	at java.net.URLClassLoader.findClass(Unknown Source)
	at java.lang.ClassLoader.loadClass(Unknown Source)
	at sun.misc.Launcher$AppClassLoader.loadClass(Unknown Source)
	at java.lang.ClassLoader.loadClass(Unknown Source)
	... 29 more
]]>
    </error>
  </testcase> <!-- ValidateLoginTestdata -->
</testsuite> <!-- com.qa.testcases.Assignment2Login -->
