<?xml version="1.0" encoding="UTF-8"?>
<testng-results skipped="1" failed="0" total="1" passed="0">
  <reporter-output>
  </reporter-output>
  <suite name="Default suite" duration-ms="171006" started-at="2020-07-01T05:49:37Z" finished-at="2020-07-01T05:52:28Z">
    <groups>
    </groups>
    <test name="Default test" duration-ms="171006" started-at="2020-07-01T05:49:37Z" finished-at="2020-07-01T05:52:28Z">
      <class name="com.qa.testcases.Assignment1Ques1">
        <test-method status="FAIL" signature="setUp()[pri:0, instance:com.qa.testcases.Assignment1Ques1@7cf10a6f]" name="setUp" is-config="true" duration-ms="0" started-at="2020-07-01T11:20:04Z" finished-at="2020-07-01T11:20:04Z">
          <exception class="org.openqa.selenium.WebDriverException">
            <message>
              <![CDATA[unknown error: DevToolsActivePort file doesn't exist
Build info: version: '3.141.59', revision: 'e82be7d358', time: '2018-11-14T08:17:03'
System info: host: 'DESKTOP-PJTEI91', ip: '192.168.0.102', os.name: 'Windows 10', os.arch: 'amd64', os.version: '10.0', java.version: '1.8.0_144'
Driver info: driver.version: ChromeDriver
remote stacktrace: Backtrace:
	Ordinal0 [0x005A9563+2725219]
	Ordinal0 [0x004A8551+1672529]
	Ordinal0 [0x00390359+525145]
	Ordinal0 [0x003201A9+65961]
	Ordinal0 [0x0031D2A8+53928]
	Ordinal0 [0x0033CC37+183351]
	Ordinal0 [0x0033CA3D+182845]
	Ordinal0 [0x0033A94B+174411]
	Ordinal0 [0x00322528+75048]
	Ordinal0 [0x003235A0+79264]
	Ordinal0 [0x00323539+79161]
	Ordinal0 [0x004BD607+1758727]
	GetHandleVerifier [0x006C6546+1050150]
	GetHandleVerifier [0x006C6291+1049457]
	GetHandleVerifier [0x006D10D7+1094071]
	GetHandleVerifier [0x006C6B46+1051686]
	Ordinal0 [0x004B5B06+1727238]
	Ordinal0 [0x004BEB7B+1764219]
	Ordinal0 [0x004BECE3+1764579]
	Ordinal0 [0x004D4C05+1854469]
	BaseThreadInitThunk [0x75AB6359+25]
	RtlGetAppContainerNamedObjectPath [0x77237C24+228]
	RtlGetAppContainerNamedObjectPath [0x77237BF4+180]
]]>
            </message>
            <full-stacktrace>
              <![CDATA[org.openqa.selenium.WebDriverException: unknown error: DevToolsActivePort file doesn't exist
Build info: version: '3.141.59', revision: 'e82be7d358', time: '2018-11-14T08:17:03'
System info: host: 'DESKTOP-PJTEI91', ip: '192.168.0.102', os.name: 'Windows 10', os.arch: 'amd64', os.version: '10.0', java.version: '1.8.0_144'
Driver info: driver.version: ChromeDriver
remote stacktrace: Backtrace:
	Ordinal0 [0x005A9563+2725219]
	Ordinal0 [0x004A8551+1672529]
	Ordinal0 [0x00390359+525145]
	Ordinal0 [0x003201A9+65961]
	Ordinal0 [0x0031D2A8+53928]
	Ordinal0 [0x0033CC37+183351]
	Ordinal0 [0x0033CA3D+182845]
	Ordinal0 [0x0033A94B+174411]
	Ordinal0 [0x00322528+75048]
	Ordinal0 [0x003235A0+79264]
	Ordinal0 [0x00323539+79161]
	Ordinal0 [0x004BD607+1758727]
	GetHandleVerifier [0x006C6546+1050150]
	GetHandleVerifier [0x006C6291+1049457]
	GetHandleVerifier [0x006D10D7+1094071]
	GetHandleVerifier [0x006C6B46+1051686]
	Ordinal0 [0x004B5B06+1727238]
	Ordinal0 [0x004BEB7B+1764219]
	Ordinal0 [0x004BECE3+1764579]
	Ordinal0 [0x004D4C05+1854469]
	BaseThreadInitThunk [0x75AB6359+25]
	RtlGetAppContainerNamedObjectPath [0x77237C24+228]
	RtlGetAppContainerNamedObjectPath [0x77237BF4+180]

	at sun.reflect.NativeConstructorAccessorImpl.newInstance0(Native Method)
	at sun.reflect.NativeConstructorAccessorImpl.newInstance(Unknown Source)
	at sun.reflect.DelegatingConstructorAccessorImpl.newInstance(Unknown Source)
	at java.lang.reflect.Constructor.newInstance(Unknown Source)
	at org.openqa.selenium.remote.W3CHandshakeResponse.lambda$errorHandler$0(W3CHandshakeResponse.java:62)
	at org.openqa.selenium.remote.HandshakeResponse.lambda$getResponseFunction$0(HandshakeResponse.java:30)
	at org.openqa.selenium.remote.ProtocolHandshake.lambda$createSession$0(ProtocolHandshake.java:126)
	at java.util.stream.ReferencePipeline$3$1.accept(Unknown Source)
	at java.util.Spliterators$ArraySpliterator.tryAdvance(Unknown Source)
	at java.util.stream.ReferencePipeline.forEachWithCancel(Unknown Source)
	at java.util.stream.AbstractPipeline.copyIntoWithCancel(Unknown Source)
	at java.util.stream.AbstractPipeline.copyInto(Unknown Source)
	at java.util.stream.AbstractPipeline.wrapAndCopyInto(Unknown Source)
	at java.util.stream.FindOps$FindOp.evaluateSequential(Unknown Source)
	at java.util.stream.AbstractPipeline.evaluate(Unknown Source)
	at java.util.stream.ReferencePipeline.findFirst(Unknown Source)
	at org.openqa.selenium.remote.ProtocolHandshake.createSession(ProtocolHandshake.java:128)
	at org.openqa.selenium.remote.ProtocolHandshake.createSession(ProtocolHandshake.java:74)
	at org.openqa.selenium.remote.HttpCommandExecutor.execute(HttpCommandExecutor.java:136)
	at org.openqa.selenium.remote.service.DriverCommandExecutor.execute(DriverCommandExecutor.java:83)
	at org.openqa.selenium.remote.RemoteWebDriver.execute(RemoteWebDriver.java:552)
	at org.openqa.selenium.remote.RemoteWebDriver.startSession(RemoteWebDriver.java:213)
	at org.openqa.selenium.remote.RemoteWebDriver.<init>(RemoteWebDriver.java:131)
	at org.openqa.selenium.chrome.ChromeDriver.<init>(ChromeDriver.java:181)
	at org.openqa.selenium.chrome.ChromeDriver.<init>(ChromeDriver.java:168)
	at org.openqa.selenium.chrome.ChromeDriver.<init>(ChromeDriver.java:123)
	at com.qa.base.TestBase.initialization(TestBase.java:55)
	at com.qa.testcases.Assignment1Ques1.setUp(Assignment1Ques1.java:26)
	at sun.reflect.NativeMethodAccessorImpl.invoke0(Native Method)
	at sun.reflect.NativeMethodAccessorImpl.invoke(Unknown Source)
	at sun.reflect.DelegatingMethodAccessorImpl.invoke(Unknown Source)
	at java.lang.reflect.Method.invoke(Unknown Source)
	at org.testng.internal.MethodInvocationHelper.invokeMethod(MethodInvocationHelper.java:86)
	at org.testng.internal.Invoker.invokeConfigurationMethod(Invoker.java:514)
	at org.testng.internal.Invoker.invokeConfigurations(Invoker.java:215)
	at org.testng.internal.Invoker.invokeMethod(Invoker.java:589)
	at org.testng.internal.Invoker.invokeTestMethod(Invoker.java:822)
	at org.testng.internal.Invoker.invokeTestMethods(Invoker.java:1130)
	at org.testng.internal.TestMethodWorker.invokeTestMethods(TestMethodWorker.java:129)
	at org.testng.internal.TestMethodWorker.run(TestMethodWorker.java:112)
	at org.testng.TestRunner.privateRun(TestRunner.java:782)
	at org.testng.TestRunner.run(TestRunner.java:632)
	at org.testng.SuiteRunner.runTest(SuiteRunner.java:366)
	at org.testng.SuiteRunner.runSequentially(SuiteRunner.java:361)
	at org.testng.SuiteRunner.privateRun(SuiteRunner.java:319)
	at org.testng.SuiteRunner.run(SuiteRunner.java:268)
	at org.testng.SuiteRunnerWorker.runSuite(SuiteRunnerWorker.java:52)
	at org.testng.SuiteRunnerWorker.run(SuiteRunnerWorker.java:86)
	at org.testng.TestNG.runSuitesSequentially(TestNG.java:1244)
	at org.testng.TestNG.runSuitesLocally(TestNG.java:1169)
	at org.testng.TestNG.run(TestNG.java:1064)
	at org.testng.remote.RemoteTestNG.run(RemoteTestNG.java:113)
	at org.testng.remote.RemoteTestNG.initAndRun(RemoteTestNG.java:206)
	at org.testng.remote.RemoteTestNG.main(RemoteTestNG.java:177)
]]>
            </full-stacktrace>
          </exception> <!-- org.openqa.selenium.WebDriverException -->
          <reporter-output>
          </reporter-output>
        </test-method> <!-- setUp -->
        <test-method status="SKIP" signature="verificationSelectable(java.lang.String, java.lang.String, java.lang.String, java.lang.String, java.lang.String, java.lang.String)[pri:0, instance:com.qa.testcases.Assignment1Ques1@7cf10a6f]" name="verificationSelectable" duration-ms="7" started-at="2020-07-01T11:22:28Z" data-provider="getTestData" finished-at="2020-07-01T11:22:28Z">
          <params>
            <param index="0">
              <value>
                <![CDATA[Selectable]]>
              </value>
            </param>
            <param index="1">
              <value>
                <![CDATA[List]]>
              </value>
            </param>
            <param index="2">
              <value>
                <![CDATA[Cras justo odio]]>
              </value>
            </param>
            <param index="3">
              <value>
                <![CDATA[Dapibus ac facilisis in]]>
              </value>
            </param>
            <param index="4">
              <value>
                <![CDATA[Morbi leo risus]]>
              </value>
            </param>
            <param index="5">
              <value>
                <![CDATA[Porta ac consectetur ac]]>
              </value>
            </param>
          </params>
          <reporter-output>
          </reporter-output>
        </test-method> <!-- verificationSelectable -->
        <test-method status="SKIP" signature="actionaftrtest()[pri:0, instance:com.qa.testcases.Assignment1Ques1@7cf10a6f]" name="actionaftrtest" is-config="true" duration-ms="0" started-at="2020-07-01T11:22:28Z" finished-at="2020-07-01T11:22:28Z">
          <reporter-output>
          </reporter-output>
        </test-method> <!-- actionaftrtest -->
      </class> <!-- com.qa.testcases.Assignment1Ques1 -->
    </test> <!-- Default test -->
  </suite> <!-- Default suite -->
</testng-results>
