<?xml version="1.0" encoding="UTF-8"?>
<testng-results skipped="0" failed="1" total="1" passed="0">
  <reporter-output>
  </reporter-output>
  <suite name="Default suite" duration-ms="46211" started-at="2020-05-29T13:10:20Z" finished-at="2020-05-29T13:11:06Z">
    <groups>
    </groups>
    <test name="Default test" duration-ms="46211" started-at="2020-05-29T13:10:20Z" finished-at="2020-05-29T13:11:06Z">
      <class name="com.qa.testcases.Assignment1Quest1">
        <test-method status="PASS" signature="setUp()[pri:0, instance:com.qa.testcases.Assignment1Quest1@7cf10a6f]" name="setUp" is-config="true" duration-ms="44896" started-at="2020-05-29T18:40:20Z" finished-at="2020-05-29T18:41:05Z">
          <reporter-output>
          </reporter-output>
        </test-method> <!-- setUp -->
        <test-method status="FAIL" signature="VerificationSelectablePage()[pri:0, instance:com.qa.testcases.Assignment1Quest1@7cf10a6f]" name="VerificationSelectablePage" duration-ms="387" started-at="2020-05-29T18:41:05Z" finished-at="2020-05-29T18:41:05Z">
          <exception class="java.lang.Error">
            <message>
              <![CDATA[Unresolved compilation problem: 
	Syntax error, insert ";" to complete BlockStatements
]]>
            </message>
            <full-stacktrace>
              <![CDATA[java.lang.Error: Unresolved compilation problem: 
	Syntax error, insert ";" to complete BlockStatements

	at com.qa.pages.SelectablePage.clickCrasBtn(SelectablePage.java:35)
	at com.qa.testcases.Assignment1Quest1.VerificationSelectablePage(Assignment1Quest1.java:32)
	at sun.reflect.NativeMethodAccessorImpl.invoke0(Native Method)
	at sun.reflect.NativeMethodAccessorImpl.invoke(Unknown Source)
	at sun.reflect.DelegatingMethodAccessorImpl.invoke(Unknown Source)
	at java.lang.reflect.Method.invoke(Unknown Source)
	at org.testng.internal.MethodInvocationHelper.invokeMethod(MethodInvocationHelper.java:86)
	at org.testng.internal.Invoker.invokeMethod(Invoker.java:645)
	at org.testng.internal.Invoker.invokeTestMethod(Invoker.java:822)
	at org.testng.internal.Invoker.invokeTestMethods(Invoker.java:1130)
	at org.testng.internal.TestMethodWorker.invokeTestMethods(TestMethodWorker.java:129)
	at org.testng.internal.TestMethodWorker.run(TestMethodWorker.java:112)
	at org.testng.TestRunner.privateRun(TestRunner.java:782)
	at org.testng.TestRunner.run(TestRunner.java:632)
	at org.testng.SuiteRunner.runTest(SuiteRunner.java:366)
	at org.testng.SuiteRunner.runSequentially(SuiteRunner.java:361)
	at org.testng.SuiteRunner.privateRun(SuiteRunner.java:319)
	at org.testng.SuiteRunner.run(SuiteRunner.java:268)
	at org.testng.SuiteRunnerWorker.runSuite(SuiteRunnerWorker.java:52)
	at org.testng.SuiteRunnerWorker.run(SuiteRunnerWorker.java:86)
	at org.testng.TestNG.runSuitesSequentially(TestNG.java:1244)
	at org.testng.TestNG.runSuitesLocally(TestNG.java:1169)
	at org.testng.TestNG.run(TestNG.java:1064)
	at org.testng.remote.RemoteTestNG.run(RemoteTestNG.java:113)
	at org.testng.remote.RemoteTestNG.initAndRun(RemoteTestNG.java:206)
	at org.testng.remote.RemoteTestNG.main(RemoteTestNG.java:177)
]]>
            </full-stacktrace>
          </exception> <!-- java.lang.Error -->
          <reporter-output>
          </reporter-output>
        </test-method> <!-- VerificationSelectablePage -->
        <test-method status="PASS" signature="actionaftrtest()[pri:0, instance:com.qa.testcases.Assignment1Quest1@7cf10a6f]" name="actionaftrtest" is-config="true" duration-ms="822" started-at="2020-05-29T18:41:05Z" finished-at="2020-05-29T18:41:06Z">
          <reporter-output>
          </reporter-output>
        </test-method> <!-- actionaftrtest -->
      </class> <!-- com.qa.testcases.Assignment1Quest1 -->
    </test> <!-- Default test -->
  </suite> <!-- Default suite -->
</testng-results>
